2024-03-29 19:11:04 - DF ID1 BUY 5000 110.0 VEX123
2024-03-29 19:11:04 - VE ID01 SELL 5000 100.0 VEX123
2024-03-29 19:11:04 - DF ID2 BUY 1000 98.0 VEX123
2024-03-29 19:11:04 - VE ID02 SELL 700 98.0 VEX123
2024-03-29 19:13:26 - DF ID1 BUY 5000 110.0 VEX123
2024-03-29 19:13:26 - VE ID01 SELL 5000 100.0 VEX123
2024-03-29 19:13:26 - DF ID2 BUY 1000 98.0 VEX123
2024-03-29 19:13:26 - VE ID02 SELL 700 98.0 VEX123
2024-03-29 19:13:26 - BUY 5000 100.0 VEX123
2024-03-29 19:13:43 - DF ID1 BUY 5000 110.0 VEX123
2024-03-29 19:13:43 - VE ID01 SELL 5000 100.0 VEX123
2024-03-29 19:13:43 - DF ID2 BUY 1000 98.0 VEX123
2024-03-29 19:13:43 - VE ID02 SELL 700 98.0 VEX123
2024-03-29 19:13:43 - BUY 5000 100.0 VEX123
2024-03-29 19:14:46 - DF ID1 BUY 5000 110.0 VEX123
2024-03-29 19:14:46 - VE ID01 SELL 5000 100.0 VEX123
2024-03-29 19:14:46 - DF ID2 BUY 1000 98.0 VEX123
2024-03-29 19:14:46 - VE ID02 SELL 700 98.0 VEX123
Trade:2024-03-29 19:14:46 - BUY 5000 100.0 VEX123
2024-03-29 19:15:41 - DF ID1 BUY 5000 110.0 VEX123
2024-03-29 19:15:41 - VE ID01 SELL 5000 100.0 VEX123
2024-03-29 19:15:41 - DF ID2 BUY 1000 98.0 VEX123
2024-03-29 19:15:41 - VE ID02 SELL 700 98.0 VEX123
Trades:
2024-03-29 19:15:41 - BUY 5000 100.0 VEX123
2024-03-29 19:18:49 - DF ID1 BUY 5000 110.0 VEX123
2024-03-29 19:18:49 - VE ID01 SELL 5000 100.0 VEX123
2024-03-29 19:18:49 - DF ID2 BUY 1000 98.0 VEX123
2024-03-29 19:18:49 - VE ID02 SELL 700 98.0 VEX123
Trades:
2024-03-29 19:18:49 - BUY 5000 100.0 VEX123
2024-03-29 19:21:48 - DF ID1 BUY 5000 110.0 VEX123
2024-03-29 19:21:48 - VE ID01 SELL 5000 100.0 VEX123
2024-03-29 19:21:48 - DF ID2 BUY 1000 98.0 VEX123
2024-03-29 19:21:48 - VE ID02 SELL 700 98.0 VEX123
Trades:
2024-03-29 19:21:48 - BUY 5000 100.0 VEX123
2024-03-29 19:21:48 - DF ID1 BUY 5000 110.0 VEX123
2024-03-29 19:21:48 - VE ID01 SELL 5000 100.0 VEX123
2024-03-29 19:21:48 - DF ID2 BUY 1000 98.0 VEX123
2024-03-29 19:21:48 - VE ID02 SELL 700 98.0 VEX123
Trades:
2024-03-29 19:21:48 - BUY 5000 100.0 VEX123
2024-03-29 19:21:48 - DF ID1 BUY 5000 110.0 VEX123
2024-03-29 19:21:48 - VE ID01 SELL 5000 100.0 VEX123
2024-03-29 19:21:48 - DF ID2 BUY 1000 98.0 VEX123
2024-03-29 19:21:48 - VE ID02 SELL 700 98.0 VEX123
Trades:
2024-03-29 19:21:48 - BUY 5000 100.0 VEX123
2024-03-29 19:23:05 - DF ID1 BUY 5000 110.0 VEX123
2024-03-29 19:23:05 - VE ID01 SELL 5000 100.0 VEX123
2024-03-29 19:23:05 - DF ID2 BUY 1000 98.0 VEX123
2024-03-29 19:23:05 - VE ID02 SELL 700 98.0 VEX123
Trades:
2024-03-29 19:23:05 - BUY 5000 100.0 VEX123
2024-03-29 19:23:05 - DF ID1 BUY 5000 110.0 VEX123
2024-03-29 19:23:05 - VE ID01 SELL 5000 100.0 VEX123
2024-03-29 19:23:05 - DF ID2 BUY 1000 98.0 VEX123
2024-03-29 19:23:05 - VE ID02 SELL 700 98.0 VEX123
Trades:
2024-03-29 19:23:05 - BUY 5000 100.0 VEX123
2024-03-29 19:23:05 - DF ID1 BUY 5000 110.0 VEX123
2024-03-29 19:23:05 - VE ID01 SELL 5000 100.0 VEX123
2024-03-29 19:23:05 - DF ID2 BUY 1000 98.0 VEX123
2024-03-29 19:23:05 - VE ID02 SELL 700 98.0 VEX123
Trades:
2024-03-29 19:23:05 - BUY 5000 100.0 VEX123
2024-03-29 19:25:32 - DF ID1 BUY 5000 110.0 VEX123
2024-03-29 19:25:32 - VE ID01 SELL 5000 100.0 VEX123
2024-03-29 19:25:32 - DF ID2 BUY 1000 98.0 VEX123
2024-03-29 19:25:32 - VE ID02 SELL 700 98.0 VEX123
Trades:
2024-03-29 19:25:32 - BUY 5000 100.0 VEX123
2024-03-29 19:25:32 - DF ID1 BUY 5000 110.0 VEX123
2024-03-29 19:25:32 - VE ID01 SELL 5000 100.0 VEX123
2024-03-29 19:25:32 - DF ID2 BUY 1000 98.0 VEX123
2024-03-29 19:25:32 - VE ID02 SELL 700 98.0 VEX123
Trades:
2024-03-29 19:25:32 - BUY 5000 100.0 VEX123
2024-03-29 19:25:32 - DF ID1 BUY 5000 110.0 VEX123
2024-03-29 19:25:32 - VE ID01 SELL 5000 100.0 VEX123
2024-03-29 19:25:32 - DF ID2 BUY 1000 98.0 VEX123
2024-03-29 19:25:32 - VE ID02 SELL 700 98.0 VEX123
Trades:
2024-03-29 19:25:32 - BUY 5000 100.0 VEX123
2024-03-29 19:25:59 - DF ID1 BUY 5000 110.0 VEX123
2024-03-29 19:25:59 - DE ID01 SELL 5000 100.0 VEX123
2024-03-29 19:27:19 - DF ID1 BUY 5000 110.0 VEX123
2024-03-29 19:27:19 - VE ID01 SELL 5000 100.0 VEX123
2024-03-29 19:27:19 - VF ID2 BUY 1000 98.0 VEX123
2024-03-29 19:28:41 - DF ID1 BUY 5000 110.0 VEX123
2024-03-29 19:28:41 - VE ID01 SELL 5000 100.0 VEX123
2024-03-29 19:28:41 - VF ID2 BUY 1000 98.0 VEX123
2024-03-29 19:29:04 - DF ID1 BUY 5000 110.0 VEX123
2024-03-29 19:29:04 - VE ID01 SELL 5000 100.0 VEX123
2024-03-29 19:29:04 - DF ID2 BUY 1000 98.0 VEX123
2024-03-29 19:29:04 - VE ID02 SELL 700 98.0 VEX123
Trades:
2024-03-29 19:29:04 - BUY 5000 100.0 VEX123
2024-03-29 19:29:18 - DF ID1 BUY 5000 110.0 VEX123
2024-03-29 19:29:18 - DF ID01 SELL 5000 100.0 VEX123
2024-03-29 19:29:18 - DF ID2 BUY 1000 98.0 VEX123
2024-03-29 19:29:18 - DF ID02 SELL 700 98.0 VEX123
Trades:
2024-03-29 19:29:18 - BUY 5000 100.0 VEX123
2024-03-29 19:30:41 - DF ID1 BUY 5000 110.0 VEX123
2024-03-29 19:30:42 - DF ID01 SELL 5000 100.0 VEX123
2024-03-29 19:30:42 - DF ID2 BUY 1000 98.0 VEX123
2024-03-29 19:30:42 - DF ID02 SELL 700 98.0 VEX123
Trades:
2024-03-29 19:30:42 - BUY 5000 100.0 VEX123
2024-03-29 19:36:24 - DF ID1 BUY 5000 110.0 VEX123
2024-03-29 19:36:24 - DF ID01 SELL 5000 100.0 VEX123
2024-03-29 19:36:24 - DF ID2 BUY 1000 98.0 VEX123
2024-03-29 19:36:24 - DF ID02 SELL 700 98.0 VEX123
Trades:
2024-03-29 19:36:24 - BUY 5000 100.0 VEX123
2024-03-29 19:36:24 - DF ID1 BUY 5000 110.0 VEX123
2024-03-29 19:36:24 - DF ID01 SELL 5000 100.0 VEX123
2024-03-29 19:36:24 - DF ID2 BUY 1000 98.0 VEX123
2024-03-29 19:36:24 - DF ID02 SELL 700 98.0 VEX123
Trades:
2024-03-29 19:36:24 - BUY 5000 100.0 VEX123
2024-03-29 19:36:24 - DF ID1 BUY 5000 110.0 VEX123
2024-03-29 19:36:24 - DF ID01 SELL 5000 100.0 VEX123
2024-03-29 19:36:24 - DF ID2 BUY 1000 98.0 VEX123
2024-03-29 19:36:24 - DF ID02 SELL 700 98.0 VEX123
Trades:
2024-03-29 19:36:24 - BUY 5000 100.0 VEX123
2024-03-29 19:36:50 - DF ID1 BUY 400 100.0 VEX789
2024-03-29 19:36:50 - VE ID01 SELL 300 100.0 VEX789
2024-03-29 19:36:50 - DF ID1 cancel
2024-03-29 19:36:50 - VE ID02 SELL 100 100.0 VEX789
Trades:
2024-03-29 19:36:50 - BUY 300 100.0 VEX789
2024-03-29 19:37:33 - DF ID1 BUY 400 100.0 VEX789
2024-03-29 19:37:33 - VE ID01 SELL 300 100.0 VEX789
2024-03-29 19:37:33 - DF ID1 cancel
2024-03-29 19:37:33 - VE ID02 SELL 100 100.0 VEX789
Trades:
2024-03-29 19:37:33 - BUY 300 100.0 VEX789
2024-03-29 19:37:33 - DF ID1 BUY 400 100.0 VEX789
2024-03-29 19:37:33 - VE ID01 SELL 300 100.0 VEX789
2024-03-29 19:37:33 - DF ID1 cancel
2024-03-29 19:37:33 - VE ID02 SELL 100 100.0 VEX789
Trades:
2024-03-29 19:37:33 - BUY 300 100.0 VEX789
2024-03-29 19:37:33 - DF ID1 BUY 400 100.0 VEX789
2024-03-29 19:37:33 - VE ID01 SELL 300 100.0 VEX789
2024-03-29 19:37:33 - DF ID1 cancel
2024-03-29 19:37:33 - VE ID02 SELL 100 100.0 VEX789
Trades:
2024-03-29 19:37:33 - BUY 300 100.0 VEX789
2024-03-29 19:39:20 - DF ID1 BUY 400 100.0 VEX789
2024-03-29 19:39:20 - VE ID01 SELL 300 100.0 VEX789
2024-03-29 19:39:20 - DF ID1 cancel
2024-03-29 19:39:20 - VE ID02 SELL 100 100.0 VEX789
Trades:
2024-03-29 19:39:20 - BUY 300 100.0 VEX789
2024-03-29 19:39:20 - DF ID1 BUY 400 100.0 VEX789
2024-03-29 19:39:20 - VE ID01 SELL 300 100.0 VEX789
2024-03-29 19:39:20 - DF ID1 cancel
2024-03-29 19:39:20 - VE ID02 SELL 100 100.0 VEX789
Trades:
2024-03-29 19:39:20 - BUY 300 100.0 VEX789
2024-03-29 19:39:20 - DF ID1 BUY 400 100.0 VEX789
2024-03-29 19:39:20 - VE ID01 SELL 300 100.0 VEX789
2024-03-29 19:39:20 - DF ID1 cancel
2024-03-29 19:39:20 - VE ID02 SELL 100 100.0 VEX789
Trades:
2024-03-29 19:39:20 - BUY 300 100.0 VEX789
2024-03-29 19:43:03 - DF ID1 BUY 400 100.0 VEX789
2024-03-29 19:43:03 - VE ID01 SELL 300 100.0 VEX789
2024-03-29 19:43:03 - DF ID1 cancel
2024-03-29 19:43:03 - VE ID02 SELL 100 100.0 VEX789
Trades:
2024-03-29 19:43:03 - BUY 300 100.0 VEX789
2024-03-29 19:43:22 - DF ID1 BUY 5000 110.0 VEX123
2024-03-29 19:43:22 - VE ID01 SELL 5000 100.0 VEX123
2024-03-29 19:43:22 - DF ID2 BUY 1000 98.0 VEX123
2024-03-29 19:43:22 - VE ID02 SELL 700 98.0 VEX123
Trades:
2024-03-29 19:43:22 - BUY 5000 100.0 VEX123
